Base path: '/home/link/Unity/Hub/Editor/2022.3.9f1/Editor/Data', plugins path '/home/link/Unity/Hub/Editor/2022.3.9f1/Editor/Data/PlaybackEngines'
Cmd: initializeCompiler

Cmd: compileSnippet
  insize=2457 file=Assets/DefaultResourcesExtra/Legacy Shaders/Particles/Alpha Blended Premultiply pass=<Unnamed Pass 0> ppOnly=0 stripLineD=0 buildPlatform=24 rsLen=0 pKW=UNITY_ENABLE_REFLECTION_BUFFERS UNITY_USE_DITHER_MASK_FOR_ALPHABLENDED_SHADOWS UNITY_PBS_USE_BRDF1 UNITY_SPECCUBE_BOX_PROJECTION UNITY_SPECCUBE_BLENDING UNITY_ENABLE_DETAIL_NORMALMAP SHADER_API_DESKTOP UNITY_COLORSPACE_GAMMA UNITY_LIGHT_PROBE_PROXY_VOLUME UNITY_LIGHTMAP_FULL_HDR uKW=SOFTPARTICLES_ON dKW=UNITY_NO_DXT5nm UNITY_FRAMEBUFFER_FETCH_AVAILABLE UNITY_METAL_SHADOWS_USE_POINT_FILTERING UNITY_NO_SCREENSPACE_SHADOWS UNITY_PBS_USE_BRDF2 UNITY_PBS_USE_BRDF3 UNITY_NO_FULL_STANDARD_SHADER UNITY_HARDWARE_TIER1 UNITY_HARDWARE_TIER2 UNITY_HARDWARE_TIER3 UNITY_HALF_PRECISION_FRAGMENT_SHADER_REGISTERS UNITY_LIGHTMAP_DLDR_ENCODING UNITY_LIGHTMAP_RGBM_ENCODING UNITY_VIRTUAL_TEXTURING UNITY_PRETRANSFORM_TO_DISPLAY_ORIENTATION UNITY_ASTC_NORMALMAP_ENCODING SHADER_API_GLES30 UNITY_UNIFIED_SHADER_PRECISION_MODEL flags=0 lang=0 type=Vertex platform=glcore reqs=1 mask=2 start=16 ok=1 outsize=3630

Cmd: compileSnippet
  insize=1098 file=Assets/DefaultResourcesExtra/Particles/Standard Unlit pass=SceneSelectionPass ppOnly=0 stripLineD=0 buildPlatform=24 rsLen=0 pKW=UNITY_ENABLE_REFLECTION_BUFFERS UNITY_USE_DITHER_MASK_FOR_ALPHABLENDED_SHADOWS UNITY_PBS_USE_BRDF1 UNITY_SPECCUBE_BOX_PROJECTION UNITY_SPECCUBE_BLENDING UNITY_ENABLE_DETAIL_NORMALMAP SHADER_API_DESKTOP UNITY_COLORSPACE_GAMMA UNITY_LIGHT_PROBE_PROXY_VOLUME UNITY_LIGHTMAP_FULL_HDR uKW= dKW=INSTANCING_ON PROCEDURAL_INSTANCING_ON _REQUIRE_UV2 UNITY_NO_DXT5nm UNITY_FRAMEBUFFER_FETCH_AVAILABLE UNITY_METAL_SHADOWS_USE_POINT_FILTERING UNITY_NO_SCREENSPACE_SHADOWS UNITY_PBS_USE_BRDF2 UNITY_PBS_USE_BRDF3 UNITY_NO_FULL_STANDARD_SHADER UNITY_HARDWARE_TIER1 UNITY_HARDWARE_TIER2 UNITY_HARDWARE_TIER3 UNITY_HALF_PRECISION_FRAGMENT_SHADER_REGISTERS UNITY_LIGHTMAP_DLDR_ENCODING UNITY_LIGHTMAP_RGBM_ENCODING UNITY_VIRTUAL_TEXTURING UNITY_PRETRANSFORM_TO_DISPLAY_ORIENTATION UNITY_ASTC_NORMALMAP_ENCODING SHADER_API_GLES30 UNITY_UNIFIED_SHADER_PRECISION_MODEL flags=0 lang=0 type=Vertex platform=glcore reqs=33 mask=2 start=100 ok=1 outsize=2323

Cmd: compileSnippet
  insize=1583 file=Assets/DefaultResourcesExtra/Particles/Standard Unlit pass=<Unnamed Pass 4> ppOnly=0 stripLineD=0 buildPlatform=24 rsLen=0 pKW=UNITY_ENABLE_REFLECTION_BUFFERS UNITY_USE_DITHER_MASK_FOR_ALPHABLENDED_SHADOWS UNITY_PBS_USE_BRDF1 UNITY_SPECCUBE_BOX_PROJECTION UNITY_SPECCUBE_BLENDING UNITY_ENABLE_DETAIL_NORMALMAP SHADER_API_DESKTOP UNITY_COLORSPACE_GAMMA UNITY_LIGHT_PROBE_PROXY_VOLUME UNITY_LIGHTMAP_FULL_HDR uKW=_ALPHABLEND_ON SOFTPARTICLES_ON dKW=FOG_LINEAR FOG_EXP FOG_EXP2 INSTANCING_ON PROCEDURAL_INSTANCING_ON _NORMALMAP _FADING_ON _REQUIRE_UV2 EFFECT_BUMP UNITY_NO_DXT5nm UNITY_FRAMEBUFFER_FETCH_AVAILABLE UNITY_METAL_SHADOWS_USE_POINT_FILTERING UNITY_NO_SCREENSPACE_SHADOWS UNITY_PBS_USE_BRDF2 UNITY_PBS_USE_BRDF3 UNITY_NO_FULL_STANDARD_SHADER UNITY_HARDWARE_TIER1 UNITY_HARDWARE_TIER2 UNITY_HARDWARE_TIER3 UNITY_HALF_PRECISION_FRAGMENT_SHADER_REGISTERS UNITY_LIGHTMAP_DLDR_ENCODING UNITY_LIGHTMAP_RGBM_ENCODING UNITY_VIRTUAL_TEXTURING UNITY_PRETRANSFORM_TO_DISPLAY_ORIENTATION UNITY_ASTC_NORMALMAP_ENCODING SHADER_API_GLES30 UNITY_UNIFIED_SHADER_PRECISION_MODEL flags=0 lang=0 type=Vertex platform=glcore reqs=33 mask=2 start=146 ok=1 outsize=3082

Cmd: disassembleShader
 name=Standard platform=vulkan type=25 mask=6 insize=8487 outsize=77849 ok=1

Cmd: disassembleShader
 name=Standard platform=vulkan type=25 mask=6 insize=10648 outsize=97213 ok=1

Cmd: disassembleShader
 name=Standard platform=vulkan type=25 mask=6 insize=11192 outsize=102023 ok=1

Cmd: disassembleShader
 name=Standard platform=vulkan type=25 mask=6 insize=9336 outsize=85167 ok=1

Cmd: disassembleShader
 name=Standard platform=vulkan type=25 mask=6 insize=12177 outsize=110524 ok=1

Cmd: disassembleShader
 name=Standard platform=glcore type=6 mask=6 insize=10480 outsize=10480 ok=1

Cmd: disassembleShader
 name=Standard platform=vulkan type=25 mask=6 insize=7259 outsize=63873 ok=1

Cmd: disassembleShader
 name=Standard platform=vulkan type=25 mask=6 insize=1901 outsize=16181 ok=1

Cmd: disassembleShader
 name=Standard platform=glcore type=6 mask=6 insize=4910 outsize=4910 ok=1

Cmd: disassembleShader
 name=Standard platform=glcore type=6 mask=6 insize=8496 outsize=8496 ok=1

Cmd: disassembleShader
 name=Standard platform=glcore type=6 mask=6 insize=9992 outsize=9992 ok=1

Cmd: disassembleShader
 name=Standard platform=vulkan type=25 mask=6 insize=11192 outsize=102023 ok=1

Cmd: disassembleShader
 name=Standard platform=glcore type=6 mask=6 insize=8473 outsize=8473 ok=1

Cmd: disassembleShader
 name=Standard platform=vulkan type=25 mask=6 insize=4852 outsize=42267 ok=1

Cmd: disassembleShader
 name=Standard platform=vulkan type=25 mask=6 insize=2011 outsize=17207 ok=1

Cmd: shutdown
