Base path: '/home/link/Unity/Hub/Editor/2022.3.9f1/Editor/Data', plugins path '/home/link/Unity/Hub/Editor/2022.3.9f1/Editor/Data/PlaybackEngines'
Cmd: initializeCompiler

Cmd: disassembleShader
 name=Standard platform=glcore type=6 mask=6 insize=14157 outsize=14157 ok=1

Cmd: disassembleShader
 name=Standard platform=glcore type=6 mask=6 insize=13096 outsize=13096 ok=1

Cmd: disassembleShader
 name=Standard platform=vulkan type=25 mask=6 insize=7700 outsize=67979 ok=1

Cmd: disassembleShader
 name=Standard platform=glcore type=6 mask=6 insize=8037 outsize=8037 ok=1

Cmd: disassembleShader
 name=Standard platform=glcore type=6 mask=6 insize=17843 outsize=17843 ok=1

Cmd: disassembleShader
 name=Standard platform=glcore type=6 mask=6 insize=8697 outsize=8697 ok=1

Cmd: disassembleShader
 name=Standard platform=glcore type=6 mask=6 insize=19581 outsize=19581 ok=1

Cmd: disassembleShader
 name=Standard platform=vulkan type=25 mask=6 insize=6931 outsize=60967 ok=1

Cmd: disassembleShader
 name=Standard platform=vulkan type=25 mask=6 insize=5081 outsize=44608 ok=1

Cmd: shutdown

Quitting shader compiler process
