Base path: '/home/link/Unity/Hub/Editor/2022.3.9f1/Editor/Data', plugins path '/home/link/Unity/Hub/Editor/2022.3.9f1/Editor/Data/PlaybackEngines'
Cmd: initializeCompiler

Cmd: disassembleShader
 name=Standard platform=vulkan type=25 mask=6 insize=9213 outsize=83945 ok=1

Cmd: disassembleShader
 name=Standard platform=glcore type=6 mask=6 insize=9257 outsize=9257 ok=1

Cmd: disassembleShader
 name=Standard platform=vulkan type=25 mask=6 insize=6985 outsize=61521 ok=1

Cmd: disassembleShader
 name=Standard platform=vulkan type=25 mask=6 insize=5156 outsize=45387 ok=1

Cmd: disassembleShader
 name=Standard platform=glcore type=6 mask=6 insize=9791 outsize=9791 ok=1

Cmd: disassembleShader
 name=Standard platform=glcore type=6 mask=6 insize=15338 outsize=15338 ok=1

Cmd: disassembleShader
 name=Standard platform=vulkan type=25 mask=6 insize=5224 outsize=46252 ok=1

Cmd: disassembleShader
 name=Standard platform=glcore type=6 mask=6 insize=7257 outsize=7257 ok=1

Cmd: disassembleShader
 name=Standard platform=vulkan type=25 mask=6 insize=4759 outsize=41365 ok=1

Cmd: disassembleShader
 name=Standard platform=vulkan type=25 mask=6 insize=1901 outsize=16181 ok=1

Cmd: shutdown

Quitting shader compiler process
